#
# There is insufficient memory for the Java Runtime Environment to continue.
# Native memory allocation (mmap) failed to map 18874368 bytes for G1 virtual space
# Possible reasons:
#   The system is out of physical RAM or swap space
#   The process is running with CompressedOops enabled, and the Java Heap may be blocking the growth of the native heap
# Possible solutions:
#   Reduce memory load on the system
#   Increase physical memory or swap space
#   Check if swap backing store is full
#   Decrease Java heap size (-Xmx/-Xms)
#   Decrease number of Java threads
#   Decrease Java thread stack sizes (-Xss)
#   Set larger code cache with -XX:ReservedCodeCacheSize=
#   JVM is running with Unscaled Compressed Oops mode in which the Java heap is
#     placed in the first 4GB address space. The Java Heap base address is the
#     maximum limit for the native heap growth. Please use -XX:HeapBaseMinAddress
#     to set the Java Heap base and to place the Java Heap above 4GB virtual address.
# This output file may be truncated or incomplete.
#
#  Out of Memory Error (os_windows.cpp:3469), pid=3092, tid=13712
#
# JRE version: OpenJDK Runtime Environment (17.0.1+12) (build 17.0.1+12-39)
# Java VM: OpenJDK 64-Bit Server VM (17.0.1+12-39, mixed mode, emulated-client, sharing, tiered, compressed oops, compressed class ptrs, g1 gc, windows-amd64)
# No core dump will be written. Minidumps are not enabled by default on client versions of Windows
#

---------------  S U M M A R Y ------------

Command Line: -XX:TieredStopAtLevel=1 -Xverify:none -Dspring.output.ansi.enabled=always -javaagent:C:\Program Files\JetBrains\IntelliJ IDEA 2021.2.2\lib\idea_rt.jar=52875:C:\Program Files\JetBrains\IntelliJ IDEA 2021.2.2\bin -Dcom.sun.management.jmxremote -Dspring.jmx.enabled=true -Dspring.liveBeansView.mbeanDomain -Dspring.application.admin.enabled=true -Dfile.encoding=UTF-8 com.example.sportPlanner.UserServiceApplication

Host: Intel(R) Core(TM) i7-9750H CPU @ 2.60GHz, 12 cores, 7G,  Windows 10 , 64 bit Build 22621 (10.0.22621.3672)
Time: Sun Jun 16 16:27:46 2024 GTB Daylight Time elapsed time: 5.843658 seconds (0d 0h 0m 5s)

---------------  T H R E A D  ---------------

Current thread (0x000001c064f95e30):  VMThread "VM Thread" [stack: 0x000000b2e5700000,0x000000b2e5800000] [id=13712]

Stack: [0x000000b2e5700000,0x000000b2e5800000]
Native frames: (J=compiled Java code, j=interpreted, Vv=VM code, C=native code)
V  [jvm.dll+0x66fa1a]
V  [jvm.dll+0x7ce5a4]
V  [jvm.dll+0x7cfd4e]
V  [jvm.dll+0x7d03b3]
V  [jvm.dll+0x242b05]
V  [jvm.dll+0x66ca39]
V  [jvm.dll+0x661502]
V  [jvm.dll+0x30081b]
V  [jvm.dll+0x307da6]
V  [jvm.dll+0x357a1e]
V  [jvm.dll+0x357c4f]
V  [jvm.dll+0x2d7ad8]
V  [jvm.dll+0x2d5da4]
V  [jvm.dll+0x2d53ac]
V  [jvm.dll+0x318d0b]
V  [jvm.dll+0x7d484b]
V  [jvm.dll+0x7d5584]
V  [jvm.dll+0x7d5a9c]
V  [jvm.dll+0x7d5e74]
V  [jvm.dll+0x7d5f40]
V  [jvm.dll+0x77e91a]
V  [jvm.dll+0x66e845]
C  [ucrtbase.dll+0x29333]
C  [KERNEL32.DLL+0x1257d]
C  [ntdll.dll+0x5af28]

VM_Operation (0x000000b2e51fb910): G1CollectForAllocation, mode: safepoint, requested by thread 0x000001c052cc2ce0


---------------  P R O C E S S  ---------------

Threads class SMR info:
_java_thread_list=0x000001c069ea4f60, length=25, elements={
0x000001c052cc2ce0, 0x000001c064f9aa30, 0x000001c064f9b8a0, 0x000001c064faae80,
0x000001c064fabc00, 0x000001c064fafad0, 0x000001c064fb0480, 0x000001c064fb0ee0,
0x000001c064fb4dd0, 0x000001c06501e590, 0x000001c064f84cd0, 0x000001c064f851e0,
0x000001c065c7e040, 0x000001c066144b30, 0x000001c066145000, 0x000001c06624e0e0,
0x000001c067961a70, 0x000001c06794bfd0, 0x000001c067b175a0, 0x000001c067d57e40,
0x000001c067d58310, 0x000001c067de31b0, 0x000001c067c681a0, 0x000001c067c69e80,
0x000001c067c694e0
}

Java Threads: ( => current thread )
  0x000001c052cc2ce0 JavaThread "main" [_thread_blocked, id=18672, stack(0x000000b2e5100000,0x000000b2e5200000)]
  0x000001c064f9aa30 JavaThread "Reference Handler" daemon [_thread_blocked, id=13796, stack(0x000000b2e5800000,0x000000b2e5900000)]
  0x000001c064f9b8a0 JavaThread "Finalizer" daemon [_thread_blocked, id=20812, stack(0x000000b2e5900000,0x000000b2e5a00000)]
  0x000001c064faae80 JavaThread "Signal Dispatcher" daemon [_thread_blocked, id=16164, stack(0x000000b2e5a00000,0x000000b2e5b00000)]
  0x000001c064fabc00 JavaThread "Attach Listener" daemon [_thread_blocked, id=18940, stack(0x000000b2e5b00000,0x000000b2e5c00000)]
  0x000001c064fafad0 JavaThread "Service Thread" daemon [_thread_blocked, id=18440, stack(0x000000b2e5c00000,0x000000b2e5d00000)]
  0x000001c064fb0480 JavaThread "Monitor Deflation Thread" daemon [_thread_blocked, id=17708, stack(0x000000b2e5d00000,0x000000b2e5e00000)]
  0x000001c064fb0ee0 JavaThread "C1 CompilerThread0" daemon [_thread_blocked, id=16192, stack(0x000000b2e5e00000,0x000000b2e5f00000)]
  0x000001c064fb4dd0 JavaThread "Sweeper thread" daemon [_thread_blocked, id=26416, stack(0x000000b2e5f00000,0x000000b2e6000000)]
  0x000001c06501e590 JavaThread "Common-Cleaner" daemon [_thread_blocked, id=15124, stack(0x000000b2e6000000,0x000000b2e6100000)]
  0x000001c064f84cd0 JavaThread "C1 CompilerThread1" daemon [_thread_blocked, id=28056, stack(0x000000b2e6100000,0x000000b2e6200000)]
  0x000001c064f851e0 JavaThread "C1 CompilerThread2" daemon [_thread_blocked, id=32252, stack(0x000000b2e6200000,0x000000b2e6300000)]
  0x000001c065c7e040 JavaThread "C1 CompilerThread3" daemon [_thread_blocked, id=32576, stack(0x000000b2e6300000,0x000000b2e6400000)]
  0x000001c066144b30 JavaThread "Monitor Ctrl-Break" daemon [_thread_in_native, id=2532, stack(0x000000b2e6400000,0x000000b2e6500000)]
  0x000001c066145000 JavaThread "Notification Thread" daemon [_thread_blocked, id=19624, stack(0x000000b2e6500000,0x000000b2e6600000)]
  0x000001c06624e0e0 JavaThread "RMI TCP Accept-0" daemon [_thread_in_native, id=7552, stack(0x000000b2e6600000,0x000000b2e6700000)]
  0x000001c067961a70 JavaThread "RMI TCP Connection(2)-192.168.0.240" daemon [_thread_in_native, id=14116, stack(0x000000b2e6f00000,0x000000b2e7000000)]
  0x000001c06794bfd0 JavaThread "RMI Scheduler(0)" daemon [_thread_blocked, id=26104, stack(0x000000b2e7300000,0x000000b2e7400000)]
  0x000001c067b175a0 JavaThread "RMI TCP Connection(3)-192.168.0.240" daemon [_thread_in_native, id=9492, stack(0x000000b2e7600000,0x000000b2e7700000)]
  0x000001c067d57e40 JavaThread "Catalina-utility-1" [_thread_blocked, id=31664, stack(0x000000b2e7700000,0x000000b2e7800000)]
  0x000001c067d58310 JavaThread "Catalina-utility-2" [_thread_blocked, id=32000, stack(0x000000b2e7800000,0x000000b2e7900000)]
  0x000001c067de31b0 JavaThread "container-0" [_thread_blocked, id=1156, stack(0x000000b2e7900000,0x000000b2e7a00000)]
  0x000001c067c681a0 JavaThread "mysql-cj-abandoned-connection-cleanup" daemon [_thread_blocked, id=23984, stack(0x000000b2e7a00000,0x000000b2e7b00000)]
  0x000001c067c69e80 JavaThread "HikariPool-1 housekeeper" daemon [_thread_blocked, id=19848, stack(0x000000b2e7c00000,0x000000b2e7d00000)]
  0x000001c067c694e0 JavaThread "HikariPool-1 connection adder" daemon [_thread_blocked, id=10244, stack(0x000000b2e7d00000,0x000000b2e7e00000)]

Other Threads:
=>0x000001c064f95e30 VMThread "VM Thread" [stack: 0x000000b2e5700000,0x000000b2e5800000] [id=13712]
  0x000001c052d34e90 WatcherThread [stack: 0x000000b2e6700000,0x000000b2e6800000] [id=28940]
  0x000001c052d03c90 GCTaskThread "GC Thread#0" [stack: 0x000000b2e5200000,0x000000b2e5300000] [id=3724]
  0x000001c0665863c0 GCTaskThread "GC Thread#1" [stack: 0x000000b2e6800000,0x000000b2e6900000] [id=25444]
  0x000001c066586670 GCTaskThread "GC Thread#2" [stack: 0x000000b2e6900000,0x000000b2e6a00000] [id=18140]
  0x000001c0665ba1c0 GCTaskThread "GC Thread#3" [stack: 0x000000b2e6a00000,0x000000b2e6b00000] [id=19088]
  0x000001c0665ba470 GCTaskThread "GC Thread#4" [stack: 0x000000b2e6b00000,0x000000b2e6c00000] [id=12740]
  0x000001c0665ba720 GCTaskThread "GC Thread#5" [stack: 0x000000b2e6c00000,0x000000b2e6d00000] [id=3828]
  0x000001c0665ba9d0 GCTaskThread "GC Thread#6" [stack: 0x000000b2e6d00000,0x000000b2e6e00000] [id=17292]
  0x000001c066702ea0 GCTaskThread "GC Thread#7" [stack: 0x000000b2e7000000,0x000000b2e7100000] [id=2916]
  0x000001c0667c9c00 GCTaskThread "GC Thread#8" [stack: 0x000000b2e7100000,0x000000b2e7200000] [id=23772]
  0x000001c0677684f0 GCTaskThread "GC Thread#9" [stack: 0x000000b2e7200000,0x000000b2e7300000] [id=15432]
  0x000001c052d14810 ConcurrentGCThread "G1 Main Marker" [stack: 0x000000b2e5300000,0x000000b2e5400000] [id=28652]
  0x000001c052d15230 ConcurrentGCThread "G1 Conc#0" [stack: 0x000000b2e5400000,0x000000b2e5500000] [id=11832]
  0x000001c067959550 ConcurrentGCThread "G1 Conc#1" [stack: 0x000000b2e7400000,0x000000b2e7500000] [id=27180]
  0x000001c067959800 ConcurrentGCThread "G1 Conc#2" [stack: 0x000000b2e7500000,0x000000b2e7600000] [id=3480]
  0x000001c052d76f10 ConcurrentGCThread "G1 Refine#0" [stack: 0x000000b2e5500000,0x000000b2e5600000] [id=31588]
  0x000001c0665871a0 ConcurrentGCThread "G1 Refine#1" [stack: 0x000000b2e6e00000,0x000000b2e6f00000] [id=15780]
  0x000001c052d77930 ConcurrentGCThread "G1 Service" [stack: 0x000000b2e5600000,0x000000b2e5700000] [id=2968]

Threads with active compile tasks:

VM state: at safepoint (normal execution)

VM Mutex/Monitor currently owned by a thread:  ([mutex/lock_event])
[0x000001c052cc0660] Threads_lock - owner thread: 0x000001c064f95e30
[0x000001c052cc0810] Heap_lock - owner thread: 0x000001c052cc2ce0

Heap address: 0x0000000081e00000, size: 2018 MB, Compressed Oops mode: 32-bit

CDS archive(s) mapped at: [0x0000000800000000-0x0000000800bc0000-0x0000000800bc0000), size 12320768, SharedBaseAddress: 0x0000000800000000, ArchiveRelocationMode: 0.
Compressed class space mapped at: 0x0000000800c00000-0x0000000840c00000, reserved size: 1073741824
Narrow klass base: 0x0000000800000000, Narrow klass shift: 0, Narrow klass range: 0x100000000

GC Precious Log:
 CPUs: 12 total, 12 available
 Memory: 8071M
 Large Page Support: Disabled
 NUMA Support: Disabled
 Compressed Oops: Enabled (32-bit)
 Heap Region Size: 1M
 Heap Min Capacity: 8M
 Heap Initial Capacity: 128M
 Heap Max Capacity: 2018M
 Pre-touch: Disabled
 Parallel Workers: 10
 Concurrent Workers: 3
 Concurrent Refinement Workers: 10
 Periodic GC: Disabled

Heap:
 garbage-first heap   total 78848K, used 25301K [0x0000000081e00000, 0x0000000100000000)
  region size 1024K, 2 young (2048K), 2 survivors (2048K)
 Metaspace       used 52668K, committed 53248K, reserved 1097728K
  class space    used 7331K, committed 7616K, reserved 1048576K

Heap Regions: E=young(eden), S=young(survivor), O=old, HS=humongous(starts), HC=humongous(continues), CS=collection set, F=free, OA=open archive, CA=closed archive, TAMS=top-at-mark-start (previous, next)
|   0|0x0000000081e00000, 0x0000000081f00000, 0x0000000081f00000|100%|HS|  |TAMS 0x0000000081f00000, 0x0000000081e00000| Complete 
|   1|0x0000000081f00000, 0x0000000082000000, 0x0000000082000000|100%| O|  |TAMS 0x0000000082000000, 0x0000000081f00000| Untracked 
|   2|0x0000000082000000, 0x0000000082100000, 0x0000000082100000|100%| O|  |TAMS 0x0000000082100000, 0x0000000082000000| Untracked 
|   3|0x0000000082100000, 0x0000000082200000, 0x0000000082200000|100%| O|  |TAMS 0x0000000082200000, 0x0000000082100000| Untracked 
|   4|0x0000000082200000, 0x0000000082300000, 0x0000000082300000|100%| O|  |TAMS 0x0000000082300000, 0x0000000082200000| Untracked 
|   5|0x0000000082300000, 0x0000000082400000, 0x0000000082400000|100%| O|  |TAMS 0x0000000082400000, 0x0000000082300000| Untracked 
|   6|0x0000000082400000, 0x0000000082500000, 0x0000000082500000|100%| O|  |TAMS 0x0000000082500000, 0x0000000082400000| Untracked 
|   7|0x0000000082500000, 0x0000000082600000, 0x0000000082600000|100%| O|  |TAMS 0x0000000082500000, 0x0000000082500000| Untracked 
|   8|0x0000000082600000, 0x0000000082700000, 0x0000000082700000|100%| O|  |TAMS 0x0000000082700000, 0x0000000082600000| Untracked 
|   9|0x0000000082700000, 0x0000000082800000, 0x0000000082800000|100%| O|  |TAMS 0x0000000082800000, 0x0000000082700000| Untracked 
|  10|0x0000000082800000, 0x0000000082900000, 0x0000000082900000|100%| O|  |TAMS 0x0000000082900000, 0x0000000082800000| Untracked 
|  11|0x0000000082900000, 0x0000000082a00000, 0x0000000082a00000|100%| O|  |TAMS 0x0000000082a00000, 0x0000000082900000| Untracked 
|  12|0x0000000082a00000, 0x0000000082b00000, 0x0000000082b00000|100%| O|  |TAMS 0x0000000082b00000, 0x0000000082a00000| Untracked 
|  13|0x0000000082b00000, 0x0000000082c00000, 0x0000000082c00000|100%| O|  |TAMS 0x0000000082c00000, 0x0000000082b00000| Untracked 
|  14|0x0000000082c00000, 0x0000000082d00000, 0x0000000082d00000|100%| O|  |TAMS 0x0000000082d00000, 0x0000000082c00000| Untracked 
|  15|0x0000000082d00000, 0x0000000082e00000, 0x0000000082e00000|100%| O|  |TAMS 0x0000000082e00000, 0x0000000082d00000| Untracked 
|  16|0x0000000082e00000, 0x0000000082f00000, 0x0000000082f00000|100%| O|  |TAMS 0x0000000082f00000, 0x0000000082e00000| Untracked 
|  17|0x0000000082f00000, 0x0000000082f00000, 0x0000000083000000|  0%| F|  |TAMS 0x0000000082f00000, 0x0000000082f00000| Untracked 
|  18|0x0000000083000000, 0x0000000083100000, 0x0000000083100000|100%| O|  |TAMS 0x0000000083000000, 0x0000000083000000| Untracked 
|  19|0x0000000083100000, 0x0000000083200000, 0x0000000083200000|100%| O|  |TAMS 0x0000000083100000, 0x0000000083100000| Untracked 
|  20|0x0000000083200000, 0x0000000083300000, 0x0000000083300000|100%| O|  |TAMS 0x0000000083200000, 0x0000000083200000| Untracked 
|  21|0x0000000083300000, 0x0000000083400000, 0x0000000083400000|100%| O|  |TAMS 0x0000000083300000, 0x0000000083300000| Untracked 
|  22|0x0000000083400000, 0x0000000083500000, 0x0000000083500000|100%| O|  |TAMS 0x0000000083400000, 0x0000000083400000| Untracked 
|  23|0x0000000083500000, 0x0000000083600000, 0x0000000083600000|100%| O|  |TAMS 0x0000000083500000, 0x0000000083500000| Untracked 
|  24|0x0000000083600000, 0x0000000083640800, 0x0000000083700000| 25%| O|  |TAMS 0x0000000083600000, 0x0000000083600000| Untracked 
|  25|0x0000000083700000, 0x0000000083700000, 0x0000000083800000|  0%| F|  |TAMS 0x0000000083700000, 0x0000000083700000| Untracked 
|  26|0x0000000083800000, 0x0000000083800000, 0x0000000083900000|  0%| F|  |TAMS 0x0000000083800000, 0x0000000083800000| Untracked 
|  27|0x0000000083900000, 0x0000000083900000, 0x0000000083a00000|  0%| F|  |TAMS 0x0000000083900000, 0x0000000083900000| Untracked 
|  28|0x0000000083a00000, 0x0000000083a00000, 0x0000000083b00000|  0%| F|  |TAMS 0x0000000083a00000, 0x0000000083a00000| Untracked 
|  29|0x0000000083b00000, 0x0000000083b00000, 0x0000000083c00000|  0%| F|  |TAMS 0x0000000083b00000, 0x0000000083b00000| Untracked 
|  30|0x0000000083c00000, 0x0000000083c00000, 0x0000000083d00000|  0%| F|  |TAMS 0x0000000083c00000, 0x0000000083c00000| Untracked 
|  31|0x0000000083d00000, 0x0000000083d00000, 0x0000000083e00000|  0%| F|  |TAMS 0x0000000083d00000, 0x0000000083d00000| Untracked 
|  32|0x0000000083e00000, 0x0000000083e00000, 0x0000000083f00000|  0%| F|  |TAMS 0x0000000083e00000, 0x0000000083e00000| Untracked 
|  33|0x0000000083f00000, 0x0000000083f00000, 0x0000000084000000|  0%| F|  |TAMS 0x0000000083f00000, 0x0000000083f00000| Untracked 
|  34|0x0000000084000000, 0x0000000084000000, 0x0000000084100000|  0%| F|  |TAMS 0x0000000084000000, 0x0000000084000000| Untracked 
|  35|0x0000000084100000, 0x0000000084100000, 0x0000000084200000|  0%| F|  |TAMS 0x0000000084100000, 0x0000000084100000| Untracked 
|  36|0x0000000084200000, 0x0000000084200000, 0x0000000084300000|  0%| F|  |TAMS 0x0000000084200000, 0x0000000084200000| Untracked 
|  37|0x0000000084300000, 0x0000000084300000, 0x0000000084400000|  0%| F|  |TAMS 0x0000000084300000, 0x0000000084300000| Untracked 
|  38|0x0000000084400000, 0x0000000084400000, 0x0000000084500000|  0%| F|  |TAMS 0x0000000084400000, 0x0000000084400000| Untracked 
|  39|0x0000000084500000, 0x0000000084574d98, 0x0000000084600000| 45%| S|CS|TAMS 0x0000000084500000, 0x0000000084500000| Complete 
|  40|0x0000000084600000, 0x0000000084700000, 0x0000000084700000|100%| S|CS|TAMS 0x0000000084600000, 0x0000000084600000| Complete 
|  41|0x0000000084700000, 0x0000000084700000, 0x0000000084800000|  0%| F|  |TAMS 0x0000000084700000, 0x0000000084700000| Untracked 
|  42|0x0000000084800000, 0x0000000084800000, 0x0000000084900000|  0%| F|  |TAMS 0x0000000084800000, 0x0000000084800000| Untracked 
|  43|0x0000000084900000, 0x0000000084900000, 0x0000000084a00000|  0%| F|  |TAMS 0x0000000084900000, 0x0000000084900000| Untracked 
|  44|0x0000000084a00000, 0x0000000084a00000, 0x0000000084b00000|  0%| F|  |TAMS 0x0000000084a00000, 0x0000000084a00000| Untracked 
|  45|0x0000000084b00000, 0x0000000084b00000, 0x0000000084c00000|  0%| F|  |TAMS 0x0000000084b00000, 0x0000000084b00000| Untracked 
|  46|0x0000000084c00000, 0x0000000084c00000, 0x0000000084d00000|  0%| F|  |TAMS 0x0000000084c00000, 0x0000000084c00000| Untracked 
|  47|0x0000000084d00000, 0x0000000084d00000, 0x0000000084e00000|  0%| F|  |TAMS 0x0000000084d00000, 0x0000000084d00000| Untracked 
|  48|0x0000000084e00000, 0x0000000084e00000, 0x0000000084f00000|  0%| F|  |TAMS 0x0000000084e00000, 0x0000000084e00000| Untracked 
|  49|0x0000000084f00000, 0x0000000084f00000, 0x0000000085000000|  0%| F|  |TAMS 0x0000000084f00000, 0x0000000084f00000| Untracked 
|  50|0x0000000085000000, 0x0000000085000000, 0x0000000085100000|  0%| F|  |TAMS 0x0000000085000000, 0x0000000085000000| Untracked 
|  51|0x0000000085100000, 0x0000000085100000, 0x0000000085200000|  0%| F|  |TAMS 0x0000000085100000, 0x0000000085100000| Untracked 
|  52|0x0000000085200000, 0x0000000085200000, 0x0000000085300000|  0%| F|  |TAMS 0x0000000085200000, 0x0000000085200000| Untracked 
|  53|0x0000000085300000, 0x0000000085300000, 0x0000000085400000|  0%| F|  |TAMS 0x0000000085300000, 0x0000000085300000| Untracked 
|  54|0x0000000085400000, 0x0000000085400000, 0x0000000085500000|  0%| F|  |TAMS 0x0000000085400000, 0x0000000085400000| Untracked 
|  55|0x0000000085500000, 0x0000000085500000, 0x0000000085600000|  0%| F|  |TAMS 0x0000000085500000, 0x0000000085500000| Untracked 
|  56|0x0000000085600000, 0x0000000085600000, 0x0000000085700000|  0%| F|  |TAMS 0x0000000085600000, 0x0000000085600000| Untracked 
|  57|0x0000000085700000, 0x0000000085700000, 0x0000000085800000|  0%| F|  |TAMS 0x0000000085700000, 0x0000000085700000| Untracked 
|  58|0x0000000085800000, 0x0000000085800000, 0x0000000085900000|  0%| F|  |TAMS 0x0000000085800000, 0x0000000085800000| Untracked 
|  59|0x0000000085900000, 0x0000000085900000, 0x0000000085a00000|  0%| F|  |TAMS 0x0000000085900000, 0x0000000085900000| Untracked 
|  60|0x0000000085a00000, 0x0000000085a00000, 0x0000000085b00000|  0%| F|  |TAMS 0x0000000085a00000, 0x0000000085a00000| Untracked 
|  61|0x0000000085b00000, 0x0000000085b00000, 0x0000000085c00000|  0%| F|  |TAMS 0x0000000085b00000, 0x0000000085b00000| Untracked 
|  62|0x0000000085c00000, 0x0000000085c00000, 0x0000000085d00000|  0%| F|  |TAMS 0x0000000085c00000, 0x0000000085c00000| Untracked 
|  63|0x0000000085d00000, 0x0000000085d00000, 0x0000000085e00000|  0%| F|  |TAMS 0x0000000085d00000, 0x0000000085d00000| Untracked 
|  64|0x0000000085e00000, 0x0000000085e00000, 0x0000000085f00000|  0%| F|  |TAMS 0x0000000085e00000, 0x0000000085e00000| Untracked 
|  65|0x0000000085f00000, 0x0000000085f00000, 0x0000000086000000|  0%| F|  |TAMS 0x0000000085f00000, 0x0000000085f00000| Untracked 
|  66|0x0000000086000000, 0x0000000086000000, 0x0000000086100000|  0%| F|  |TAMS 0x0000000086000000, 0x0000000086000000| Untracked 
|  67|0x0000000086100000, 0x0000000086100000, 0x0000000086200000|  0%| F|  |TAMS 0x0000000086100000, 0x0000000086100000| Untracked 
|  68|0x0000000086200000, 0x0000000086200000, 0x0000000086300000|  0%| F|  |TAMS 0x0000000086200000, 0x0000000086200000| Untracked 
|  69|0x0000000086300000, 0x0000000086300000, 0x0000000086400000|  0%| F|  |TAMS 0x0000000086300000, 0x0000000086300000| Untracked 
|  70|0x0000000086400000, 0x0000000086400000, 0x0000000086500000|  0%| F|  |TAMS 0x0000000086400000, 0x0000000086400000| Untracked 
|  89|0x0000000087700000, 0x0000000087700000, 0x0000000087800000|  0%| F|  |TAMS 0x0000000087700000, 0x0000000087700000| Untracked 
|  90|0x0000000087800000, 0x0000000087800000, 0x0000000087900000|  0%| F|  |TAMS 0x0000000087800000, 0x0000000087800000| Untracked 
|  91|0x0000000087900000, 0x0000000087900000, 0x0000000087a00000|  0%| F|  |TAMS 0x0000000087900000, 0x0000000087900000| Untracked 
|  92|0x0000000087a00000, 0x0000000087a00000, 0x0000000087b00000|  0%| F|  |TAMS 0x0000000087a00000, 0x0000000087a00000| Untracked 
|  93|0x0000000087b00000, 0x0000000087b00000, 0x0000000087c00000|  0%| F|  |TAMS 0x0000000087b00000, 0x0000000087b00000| Untracked 
| 127|0x0000000089d00000, 0x0000000089d00000, 0x0000000089e00000|  0%| F|  |TAMS 0x0000000089d00000, 0x0000000089d00000| Untracked 

Card table byte_map: [0x000001c05dbd0000,0x000001c05dfd0000] _byte_map_base: 0x000001c05d7c1000

Marking Bits (Prev, Next): (CMBitMap*) 0x000001c052d042a0, (CMBitMap*) 0x000001c052d042e0
 Prev Bits: [0x000001c05e3d0000, 0x000001c060358000)
 Next Bits: [0x000001c060360000, 0x000001c0622e8000)

Polling page: 0x000001c050ca0000

Metaspace:

Usage:
  Non-class:     44.27 MB used.
      Class:      7.16 MB used.
       Both:     51.43 MB used.

Virtual space:
  Non-class space:       48.00 MB reserved,      44.56 MB ( 93%) committed,  6 nodes.
      Class space:        1.00 GB reserved,       7.44 MB ( <1%) committed,  1 nodes.
             Both:        1.05 GB reserved,      52.00 MB (  5%) committed. 

Chunk freelists:
   Non-Class:  3.25 MB
       Class:  547.00 KB
        Both:  3.78 MB

MaxMetaspaceSize: unlimited
CompressedClassSpaceSize: 1.00 GB
Initial GC threshold: 21.00 MB
Current GC threshold: 58.75 MB
CDS: on
MetaspaceReclaimPolicy: balanced
 - commit_granule_bytes: 65536.
 - commit_granule_words: 8192.
 - virtual_space_node_default_size: 1048576.
 - enlarge_chunks_in_place: 1.
 - new_chunks_are_fully_committed: 0.
 - uncommit_free_chunks: 1.
 - use_allocation_guard: 0.
 - handle_deallocations: 1.


Internal statistics:

num_allocs_failed_limit: 6.
num_arena_births: 756.
num_arena_deaths: 0.
num_vsnodes_births: 7.
num_vsnodes_deaths: 0.
num_space_committed: 832.
num_space_uncommitted: 0.
num_chunks_returned_to_freelist: 6.
num_chunks_taken_from_freelist: 2598.
num_chunk_merges: 3.
num_chunk_splits: 1831.
num_chunks_enlarged: 1381.
num_purges: 0.
num_inconsistent_stats: 0.

CodeCache: size=49152Kb used=11221Kb max_used=11221Kb free=37930Kb
 bounds [0x000001c05a4a0000, 0x000001c05afa0000, 0x000001c05d4a0000]
 total_blobs=6108 nmethods=5431 adapters=601
 compilation: enabled
              stopped_count=0, restarted_count=0
 full_count=0

Compilation events (20 events):
Event: 5.824 Thread 0x000001c064f851e0 5421       1       org.hibernate.sql.ast.spi.AbstractSqlAstTranslator::appendSql (10 bytes)
Event: 5.824 Thread 0x000001c064f851e0 nmethod 5421 0x000001c05af93210 code [0x000001c05af933a0, 0x000001c05af93488]
Event: 5.824 Thread 0x000001c064f851e0 5422       1       org.hibernate.bytecode.internal.BytecodeEnhancementMetadataPojoImpl::isEnhancedForLazyLoading (5 bytes)
Event: 5.824 Thread 0x000001c064f851e0 nmethod 5422 0x000001c05af93590 code [0x000001c05af93720, 0x000001c05af937f8]
Event: 5.824 Thread 0x000001c064f851e0 5423       1       org.hibernate.metamodel.mapping.internal.BasicAttributeMapping::getSelectablePath (5 bytes)
Event: 5.824 Thread 0x000001c064f851e0 nmethod 5423 0x000001c05af93890 code [0x000001c05af93a20, 0x000001c05af93af8]
Event: 5.824 Thread 0x000001c064f851e0 5424       1       org.hibernate.sql.results.graph.Fetchable::incrementFetchDepth (2 bytes)
Event: 5.824 Thread 0x000001c064f851e0 nmethod 5424 0x000001c05af93b90 code [0x000001c05af93d20, 0x000001c05af93df8]
Event: 5.824 Thread 0x000001c064f851e0 5425       1       org.hibernate.loader.ast.internal.LoaderSqlAstCreationState::getSqlAstCreationState (2 bytes)
Event: 5.824 Thread 0x000001c064f851e0 nmethod 5425 0x000001c05af93e90 code [0x000001c05af94020, 0x000001c05af940f8]
Event: 5.824 Thread 0x000001c064f851e0 5426       1       org.hibernate.loader.ast.internal.LoaderSqlAstCreationState::getFromClauseAccess (5 bytes)
Event: 5.825 Thread 0x000001c064f84cd0 5427       1       org.hibernate.sql.ast.tree.expression.ColumnReference::getExpressionType (5 bytes)
Event: 5.825 Thread 0x000001c064f851e0 nmethod 5426 0x000001c05af94190 code [0x000001c05af94320, 0x000001c05af943f8]
Event: 5.825 Thread 0x000001c064f851e0 5428       1       org.hibernate.metamodel.mapping.AttributeMapping::asAttributeMapping (2 bytes)
Event: 5.825 Thread 0x000001c064f84cd0 nmethod 5427 0x000001c05af94490 code [0x000001c05af94620, 0x000001c05af946f8]
Event: 5.825 Thread 0x000001c064f851e0 nmethod 5428 0x000001c05af94790 code [0x000001c05af94920, 0x000001c05af949f8]
Event: 5.825 Thread 0x000001c064f851e0 5429       1       org.hibernate.metamodel.mapping.internal.BasicEntityIdentifierMappingImpl::getJdbcMapping (5 bytes)
Event: 5.825 Thread 0x000001c064f851e0 nmethod 5429 0x000001c05af94a90 code [0x000001c05af94c20, 0x000001c05af94cf8]
Event: 5.825 Thread 0x000001c064f851e0 5431       1       java.lang.invoke.DirectMethodHandle::getFunction (53 bytes)
Event: 5.826 Thread 0x000001c064f851e0 nmethod 5431 0x000001c05af95090 code [0x000001c05af95240, 0x000001c05af95448]

GC Heap History (20 events):
Event: 1.720 GC heap after
{Heap after GC invocations=2 (full 0):
 garbage-first heap   total 131072K, used 9586K [0x0000000081e00000, 0x0000000100000000)
  region size 1024K, 2 young (2048K), 2 survivors (2048K)
 Metaspace       used 11573K, committed 11840K, reserved 1064960K
  class space    used 1556K, committed 1664K, reserved 1048576K
}
Event: 2.120 GC heap before
{Heap before GC invocations=2 (full 0):
 garbage-first heap   total 131072K, used 84338K [0x0000000081e00000, 0x0000000100000000)
  region size 1024K, 76 young (77824K), 2 survivors (2048K)
 Metaspace       used 17510K, committed 17728K, reserved 1064960K
  class space    used 2375K, committed 2496K, reserved 1048576K
}
Event: 2.128 GC heap after
{Heap after GC invocations=3 (full 0):
 garbage-first heap   total 131072K, used 12234K [0x0000000081e00000, 0x0000000100000000)
  region size 1024K, 5 young (5120K), 5 survivors (5120K)
 Metaspace       used 17510K, committed 17728K, reserved 1064960K
  class space    used 2375K, committed 2496K, reserved 1048576K
}
Event: 2.149 GC heap before
{Heap before GC invocations=3 (full 0):
 garbage-first heap   total 131072K, used 83914K [0x0000000081e00000, 0x0000000100000000)
  region size 1024K, 76 young (77824K), 5 survivors (5120K)
 Metaspace       used 17669K, committed 17920K, reserved 1064960K
  class space    used 2391K, committed 2496K, reserved 1048576K
}
Event: 2.155 GC heap after
{Heap after GC invocations=4 (full 0):
 garbage-first heap   total 131072K, used 12802K [0x0000000081e00000, 0x0000000100000000)
  region size 1024K, 5 young (5120K), 5 survivors (5120K)
 Metaspace       used 17669K, committed 17920K, reserved 1064960K
  class space    used 2391K, committed 2496K, reserved 1048576K
}
Event: 2.824 GC heap before
{Heap before GC invocations=4 (full 0):
 garbage-first heap   total 131072K, used 48642K [0x0000000081e00000, 0x0000000100000000)
  region size 1024K, 42 young (43008K), 5 survivors (5120K)
 Metaspace       used 21185K, committed 21504K, reserved 1073152K
  class space    used 2905K, committed 3072K, reserved 1048576K
}
Event: 2.834 GC heap after
{Heap after GC invocations=5 (full 0):
 garbage-first heap   total 131072K, used 14970K [0x0000000081e00000, 0x0000000100000000)
  region size 1024K, 7 young (7168K), 7 survivors (7168K)
 Metaspace       used 21185K, committed 21504K, reserved 1073152K
  class space    used 2905K, committed 3072K, reserved 1048576K
}
Event: 3.269 GC heap before
{Heap before GC invocations=6 (full 0):
 garbage-first heap   total 55296K, used 40570K [0x0000000081e00000, 0x0000000100000000)
  region size 1024K, 32 young (32768K), 7 survivors (7168K)
 Metaspace       used 24329K, committed 24704K, reserved 1073152K
  class space    used 3394K, committed 3584K, reserved 1048576K
}
Event: 3.282 GC heap after
{Heap after GC invocations=7 (full 0):
 garbage-first heap   total 55296K, used 17189K [0x0000000081e00000, 0x0000000100000000)
  region size 1024K, 3 young (3072K), 3 survivors (3072K)
 Metaspace       used 24329K, committed 24704K, reserved 1073152K
  class space    used 3394K, committed 3584K, reserved 1048576K
}
Event: 3.307 GC heap before
{Heap before GC invocations=7 (full 0):
 garbage-first heap   total 55296K, used 19237K [0x0000000081e00000, 0x0000000100000000)
  region size 1024K, 5 young (5120K), 3 survivors (3072K)
 Metaspace       used 24577K, committed 25024K, reserved 1073152K
  class space    used 3432K, committed 3648K, reserved 1048576K
}
Event: 3.313 GC heap after
{Heap after GC invocations=8 (full 0):
 garbage-first heap   total 100352K, used 17467K [0x0000000081e00000, 0x0000000100000000)
  region size 1024K, 1 young (1024K), 1 survivors (1024K)
 Metaspace       used 24577K, committed 25024K, reserved 1073152K
  class space    used 3432K, committed 3648K, reserved 1048576K
}
Event: 4.187 GC heap before
{Heap before GC invocations=8 (full 0):
 garbage-first heap   total 100352K, used 73787K [0x0000000081e00000, 0x0000000100000000)
  region size 1024K, 56 young (57344K), 1 survivors (1024K)
 Metaspace       used 34622K, committed 35136K, reserved 1081344K
  class space    used 4852K, committed 5120K, reserved 1048576K
}
Event: 4.193 GC heap after
{Heap after GC invocations=9 (full 0):
 garbage-first heap   total 100352K, used 21246K [0x0000000081e00000, 0x0000000100000000)
  region size 1024K, 5 young (5120K), 5 survivors (5120K)
 Metaspace       used 34622K, committed 35136K, reserved 1081344K
  class space    used 4852K, committed 5120K, reserved 1048576K
}
Event: 4.258 GC heap before
{Heap before GC invocations=9 (full 0):
 garbage-first heap   total 100352K, used 24318K [0x0000000081e00000, 0x0000000100000000)
  region size 1024K, 9 young (9216K), 5 survivors (5120K)
 Metaspace       used 35548K, committed 35968K, reserved 1081344K
  class space    used 4961K, committed 5184K, reserved 1048576K
}
Event: 4.262 GC heap after
{Heap after GC invocations=10 (full 0):
 garbage-first heap   total 100352K, used 22187K [0x0000000081e00000, 0x0000000100000000)
  region size 1024K, 5 young (5120K), 5 survivors (5120K)
 Metaspace       used 35548K, committed 35968K, reserved 1081344K
  class space    used 4961K, committed 5184K, reserved 1048576K
}
Event: 5.040 GC heap before
{Heap before GC invocations=11 (full 0):
 garbage-first heap   total 78848K, used 63147K [0x0000000081e00000, 0x0000000100000000)
  region size 1024K, 46 young (47104K), 5 survivors (5120K)
 Metaspace       used 44795K, committed 45248K, reserved 1089536K
  class space    used 6167K, committed 6400K, reserved 1048576K
}
Event: 5.048 GC heap after
{Heap after GC invocations=12 (full 0):
 garbage-first heap   total 78848K, used 24775K [0x0000000081e00000, 0x0000000100000000)
  region size 1024K, 4 young (4096K), 4 survivors (4096K)
 Metaspace       used 44795K, committed 45248K, reserved 1089536K
  class space    used 6167K, committed 6400K, reserved 1048576K
}
Event: 5.071 GC heap before
{Heap before GC invocations=12 (full 0):
 garbage-first heap   total 78848K, used 25799K [0x0000000081e00000, 0x0000000100000000)
  region size 1024K, 5 young (5120K), 4 survivors (4096K)
 Metaspace       used 44832K, committed 45376K, reserved 1089536K
  class space    used 6174K, committed 6464K, reserved 1048576K
}
Event: 5.077 GC heap after
{Heap after GC invocations=13 (full 0):
 garbage-first heap   total 78848K, used 24443K [0x0000000081e00000, 0x0000000100000000)
  region size 1024K, 1 young (1024K), 1 survivors (1024K)
 Metaspace       used 44832K, committed 45376K, reserved 1089536K
  class space    used 6174K, committed 6464K, reserved 1048576K
}
Event: 5.834 GC heap before
{Heap before GC invocations=13 (full 0):
 garbage-first heap   total 78848K, used 59259K [0x0000000081e00000, 0x0000000100000000)
  region size 1024K, 36 young (36864K), 1 survivors (1024K)
 Metaspace       used 52668K, committed 53248K, reserved 1097728K
  class space    used 7331K, committed 7616K, reserved 1048576K
}

Deoptimization events (14 events):
Event: 1.046 Thread 0x000001c052cc2ce0 DEOPT PACKING pc=0x000001c05a7a1505 sp=0x000000b2e51fddb0
Event: 1.046 Thread 0x000001c052cc2ce0 DEOPT UNPACKING pc=0x000001c05a4f2b43 sp=0x000000b2e51fd310 mode 3
Event: 1.232 Thread 0x000001c052cc2ce0 DEOPT PACKING pc=0x000001c05a80c1f5 sp=0x000000b2e51fd720
Event: 1.232 Thread 0x000001c052cc2ce0 DEOPT UNPACKING pc=0x000001c05a4f2b43 sp=0x000000b2e51fcb78 mode 3
Event: 1.736 Thread 0x000001c052cc2ce0 DEOPT PACKING pc=0x000001c05aa17c99 sp=0x000000b2e51fd2c0
Event: 1.736 Thread 0x000001c052cc2ce0 DEOPT UNPACKING pc=0x000001c05a4f2b43 sp=0x000000b2e51fc7a0 mode 3
Event: 1.978 Thread 0x000001c052cc2ce0 DEOPT PACKING pc=0x000001c05aa9c655 sp=0x000000b2e51fdea0
Event: 1.978 Thread 0x000001c052cc2ce0 DEOPT UNPACKING pc=0x000001c05a4f2b43 sp=0x000000b2e51fd348 mode 3
Event: 3.238 Thread 0x000001c052cc2ce0 DEOPT PACKING pc=0x000001c05acb53c0 sp=0x000000b2e51fc900
Event: 3.238 Thread 0x000001c052cc2ce0 DEOPT UNPACKING pc=0x000001c05a4f2b43 sp=0x000000b2e51fbd70 mode 3
Event: 3.724 Thread 0x000001c052cc2ce0 DEOPT PACKING pc=0x000001c05aa41181 sp=0x000000b2e51fe780
Event: 3.724 Thread 0x000001c052cc2ce0 DEOPT UNPACKING pc=0x000001c05a4f2b43 sp=0x000000b2e51fdc10 mode 3
Event: 3.724 Thread 0x000001c067d58310 DEOPT PACKING pc=0x000001c05aa08c17 sp=0x000000b2e78fefe0
Event: 3.724 Thread 0x000001c067d58310 DEOPT UNPACKING pc=0x000001c05a4f2b43 sp=0x000000b2e78fe438 mode 3

Classes unloaded (0 events):
No events

Classes redefined (0 events):
No events

Internal exceptions (20 events):
Event: 5.119 Thread 0x000001c052cc2ce0 Exception <a 'java/lang/NoSuchMethodError'{0x0000000087ac8208}: 'java.lang.Object java.lang.invoke.DirectMethodHandle$Holder.invokeStatic(java.lang.Object, java.lang.Object, int, java.lang.Object)'> (0x0000000087ac8208) 
thrown [t:\workspace\open\src\hotspot\share\interpreter\linkResolver.cpp, line 766]
Event: 5.119 Thread 0x000001c052cc2ce0 Exception <a 'java/lang/NoSuchMethodError'{0x0000000087946ee0}: 'java.lang.Object java.lang.invoke.DirectMethodHandle$Holder.invokeStaticInit(java.lang.Object, java.lang.Object, int, java.lang.Object)'> (0x0000000087946ee0) 
thrown [t:\workspace\open\src\hotspot\share\interpreter\linkResolver.cpp, line 766]
Event: 5.566 Thread 0x000001c067b175a0 Exception <a 'java/lang/reflect/InvocationTargetException'{0x00000000855b22d8}> (0x00000000855b22d8) 
thrown [t:\workspace\open\src\hotspot\share\runtime\reflection.cpp, line 1121]
Event: 5.627 Thread 0x000001c052cc2ce0 Exception <a 'java/lang/NoSuchMethodError'{0x00000000850bca20}: 'void java.lang.invoke.DirectMethodHandle$Holder.invokeStaticInit(java.lang.Object, int, java.lang.Object, java.lang.Object, java.lang.Object, java.lang.Object)'> (0x00000000850bca20) 
thrown [t:\workspace\open\src\hotspot\share\interpreter\linkResolver.cpp, line 766]
Event: 5.661 Thread 0x000001c052cc2ce0 Exception <a 'java/lang/NoSuchMethodError'{0x0000000084e35ef8}: 'java.lang.Object java.lang.invoke.DirectMethodHandle$Holder.newInvokeSpecial(java.lang.Object, java.lang.Object, java.lang.Object, java.lang.Object, java.lang.Object, java.lang.Object)'> (0x0000000084e35ef8) 
thrown [t:\workspace\open\src\hotspot\share\interpreter\linkResolver.cpp, line 766]
Event: 5.670 Thread 0x000001c052cc2ce0 Exception <a 'java/lang/NoSuchMethodError'{0x0000000084e97250}: 'int java.lang.invoke.DirectMethodHandle$Holder.invokeStatic(java.lang.Object, java.lang.Object, java.lang.Object, java.lang.Object, java.lang.Object)'> (0x0000000084e97250) 
thrown [t:\workspace\open\src\hotspot\share\interpreter\linkResolver.cpp, line 766]
Event: 5.694 Thread 0x000001c052cc2ce0 Exception <a 'java/lang/NoSuchMethodError'{0x0000000084da7f98}: 'void java.lang.invoke.DirectMethodHandle$Holder.invokeInterface(java.lang.Object, java.lang.Object, int, java.lang.Object)'> (0x0000000084da7f98) 
thrown [t:\workspace\open\src\hotspot\share\interpreter\linkResolver.cpp, line 766]
Event: 5.696 Thread 0x000001c052cc2ce0 Exception <a 'java/lang/NoSuchMethodError'{0x0000000084dcf968}: 'java.lang.Object java.lang.invoke.DirectMethodHandle$Holder.newInvokeSpecial(java.lang.Object, java.lang.Object, int, java.lang.Object)'> (0x0000000084dcf968) 
thrown [t:\workspace\open\src\hotspot\share\interpreter\linkResolver.cpp, line 766]
Event: 5.696 Thread 0x000001c052cc2ce0 Exception <a 'java/lang/NoSuchMethodError'{0x0000000084dd3530}: 'java.lang.Object java.lang.invoke.Invokers$Holder.linkToTargetMethod(java.lang.Object, int, java.lang.Object, java.lang.Object)'> (0x0000000084dd3530) 
thrown [t:\workspace\open\src\hotspot\share\interpreter\linkResolver.cpp, line 766]
Event: 5.707 Thread 0x000001c052cc2ce0 Exception <a 'java/lang/NoSuchMethodError'{0x0000000084c661d8}: 'java.lang.Object java.lang.invoke.DirectMethodHandle$Holder.newInvokeSpecial(java.lang.Object, java.lang.Object, int)'> (0x0000000084c661d8) 
thrown [t:\workspace\open\src\hotspot\share\interpreter\linkResolver.cpp, line 766]
Event: 5.733 Thread 0x000001c052cc2ce0 Exception <a 'java/lang/NoSuchMethodError'{0x0000000084b89d50}: 'int java.lang.invoke.DirectMethodHandle$Holder.invokeStatic(java.lang.Object, int, java.lang.Object)'> (0x0000000084b89d50) 
thrown [t:\workspace\open\src\hotspot\share\interpreter\linkResolver.cpp, line 766]
Event: 5.734 Thread 0x000001c052cc2ce0 Exception <a 'java/lang/NoSuchMethodError'{0x0000000084ba4358}: 'java.lang.Object java.lang.invoke.DirectMethodHandle$Holder.newInvokeSpecial(java.lang.Object, java.lang.Object, java.lang.Object, java.lang.Object, java.lang.Object, int, java.lang.Object)'> (0x0000000084ba4358) 
thrown [t:\workspace\open\src\hotspot\share\interpreter\linkResolver.cpp, line 766]
Event: 5.739 Thread 0x000001c052cc2ce0 Exception <a 'java/lang/NoSuchMethodError'{0x0000000084bfc050}: 'java.lang.Object java.lang.invoke.DirectMethodHandle$Holder.newInvokeSpecial(java.lang.Object, java.lang.Object, java.lang.Object, java.lang.Object, java.lang.Object, java.lang.Object, java.lang.Object, java.lang.Object, java.lang.Object, java.lang.Object, java.lang.Object, java.lang.Object)'> (0x0000000084bfc050) 
thrown [t:\workspace\open\src\hotspot\share\interpreter\linkResolver.cpp, line 766]
Event: 5.739 Thread 0x000001c052cc2ce0 Exception <a 'java/lang/NoSuchMethodError'{0x0000000084a00b30}: 'java.lang.Object java.lang.invoke.DirectMethodHandle$Holder.invokeSpecial(java.lang.Object, java.lang.Object, java.lang.Object, java.lang.Object, java.lang.Object, java.lang.Object, java.lang.Object, java.lang.Object, java.lang.Object, java.lang.Object, java.lang.Object, java.lang.Object, java.lang.Object)'> (0x0000000084a00b30) 
thrown [t:\workspace\open\src\hotspot\share\interpreter\linkResolver.cpp, line 766]
Event: 5.739 Thread 0x000001c052cc2ce0 Exception <a 'java/lang/NoSuchMethodError'{0x0000000084a05248}: 'java.lang.Object java.lang.invoke.Invokers$Holder.linkToTargetMethod(java.lang.Object, java.lang.Object, java.lang.Object, java.lang.Object, java.lang.Object, java.lang.Object, java.lang.Object, java.lang.Object, java.lang.Object, java.lang.Object, java.lang.Object, java.lang.Object)'> (0x0000000084a05248) 
thrown [t:\workspace\open\src\hotspot\share\interpreter\linkResolver.cpp, line 766]
Event: 5.789 Thread 0x000001c052cc2ce0 Exception <a 'java/lang/NoSuchMethodError'{0x000000008485adf8}: 'java.lang.Object java.lang.invoke.DirectMethodHandle$Holder.newInvokeSpecial(java.lang.Object, java.lang.Object, java.lang.Object, java.lang.Object, java.lang.Object, java.lang.Object, java.lang.Object, int)'> (0x000000008485adf8) 
thrown [t:\workspace\open\src\hotspot\share\interpreter\linkResolver.cpp, line 766]
Event: 5.789 Thread 0x000001c052cc2ce0 Exception <a 'java/lang/NoSuchMethodError'{0x000000008485fdf0}: 'java.lang.Object java.lang.invoke.DirectMethodHandle$Holder.invokeSpecial(java.lang.Object, java.lang.Object, java.lang.Object, java.lang.Object, java.lang.Object, java.lang.Object, java.lang.Object, java.lang.Object, int)'> (0x000000008485fdf0) 
thrown [t:\workspace\open\src\hotspot\share\interpreter\linkResolver.cpp, line 766]
Event: 5.789 Thread 0x000001c052cc2ce0 Exception <a 'java/lang/NoSuchMethodError'{0x00000000848648b8}: 'java.lang.Object java.lang.invoke.Invokers$Holder.linkToTargetMethod(java.lang.Object, java.lang.Object, java.lang.Object, java.lang.Object, java.lang.Object, java.lang.Object, int, java.lang.Object)'> (0x00000000848648b8) 
thrown [t:\workspace\open\src\hotspot\share\interpreter\linkResolver.cpp, line 766]
Event: 5.818 Thread 0x000001c052cc2ce0 Exception <a 'java/lang/NoSuchMethodError'{0x0000000084776798}: 'java.lang.Object java.lang.invoke.DirectMethodHandle$Holder.newInvokeSpecial(java.lang.Object, java.lang.Object, int, java.lang.Object, int, java.lang.Object, java.lang.Object)'> (0x0000000084776798) 
thrown [t:\workspace\open\src\hotspot\share\interpreter\linkResolver.cpp, line 766]
Event: 5.825 Thread 0x000001c052cc2ce0 Exception <a 'java/lang/NoSuchMethodError'{0x00000000847c1128}: 'void java.lang.invoke.DirectMethodHandle$Holder.invokeInterface(java.lang.Object, java.lang.Object)'> (0x00000000847c1128) 
thrown [t:\workspace\open\src\hotspot\share\interpreter\linkResolver.cpp, line 766]

VM Operations (20 events):
Event: 4.277 Executing VM operation: G1Concurrent done
Event: 4.283 Executing VM operation: G1Concurrent
Event: 4.283 Executing VM operation: G1Concurrent done
Event: 4.294 Executing VM operation: HandshakeAllThreads
Event: 4.294 Executing VM operation: HandshakeAllThreads done
Event: 4.299 Executing VM operation: HandshakeAllThreads
Event: 4.299 Executing VM operation: HandshakeAllThreads done
Event: 4.477 Executing VM operation: HandshakeAllThreads
Event: 4.477 Executing VM operation: HandshakeAllThreads done
Event: 5.035 Executing VM operation: ICBufferFull
Event: 5.035 Executing VM operation: ICBufferFull done
Event: 5.040 Executing VM operation: G1CollectForAllocation
Event: 5.048 Executing VM operation: G1CollectForAllocation done
Event: 5.070 Executing VM operation: G1CollectForAllocation
Event: 5.077 Executing VM operation: G1CollectForAllocation done
Event: 5.578 Executing VM operation: ICBufferFull
Event: 5.578 Executing VM operation: ICBufferFull done
Event: 5.804 Executing VM operation: HandshakeAllThreads
Event: 5.804 Executing VM operation: HandshakeAllThreads done
Event: 5.834 Executing VM operation: G1CollectForAllocation

Events (20 events):
Event: 4.798 loading class sun/security/provider/ByteArrayAccess$LE
Event: 4.798 loading class sun/security/provider/ByteArrayAccess$LE done
Event: 4.907 loading class java/util/concurrent/CompletableFuture
Event: 4.912 loading class java/util/concurrent/CompletionStage
Event: 4.912 loading class java/util/concurrent/CompletionStage done
Event: 4.913 loading class java/util/concurrent/CompletableFuture done
Event: 4.913 loading class java/util/concurrent/CompletableFuture$AltResult
Event: 4.913 loading class java/util/concurrent/CompletableFuture$AltResult done
Event: 4.913 loading class java/util/concurrent/CompletableFuture$Completion
Event: 4.913 loading class java/util/concurrent/CompletableFuture$AsynchronousCompletionTask
Event: 4.913 loading class java/util/concurrent/CompletableFuture$AsynchronousCompletionTask done
Event: 4.913 loading class java/util/concurrent/CompletableFuture$Completion done
Event: 5.032 loading class sun/reflect/annotation/AnnotatedTypeFactory$AnnotatedArrayTypeImpl
Event: 5.033 loading class sun/reflect/annotation/AnnotatedTypeFactory$AnnotatedArrayTypeImpl done
Event: 5.040 Thread 0x000001c067c699b0 Thread added: 0x000001c067c699b0
Event: 5.060 Thread 0x000001c067c699b0 Thread exited: 0x000001c067c699b0
Event: 5.564 Thread 0x000001c067c6acf0 Thread added: 0x000001c067c6acf0
Event: 5.569 Thread 0x000001c067c6acf0 Thread exited: 0x000001c067c6acf0
Event: 5.647 loading class jdk/internal/reflect/UnsafeObjectFieldAccessorImpl
Event: 5.647 loading class jdk/internal/reflect/UnsafeObjectFieldAccessorImpl done


Dynamic libraries:
0x00007ff767b30000 - 0x00007ff767b3e000 	C:\Users\Bogdan\.jdks\openjdk-17.0.1\bin\java.exe
0x00007ffe4d3b0000 - 0x00007ffe4d5c7000 	C:\WINDOWS\SYSTEM32\ntdll.dll
0x00007ffe4bf60000 - 0x00007ffe4c024000 	C:\WINDOWS\System32\KERNEL32.DLL
0x00007ffe4ab50000 - 0x00007ffe4aefc000 	C:\WINDOWS\System32\KERNELBASE.dll
0x00007ffe4a6e0000 - 0x00007ffe4a7f1000 	C:\WINDOWS\System32\ucrtbase.dll
0x00007ffe38a30000 - 0x00007ffe38a48000 	C:\Users\Bogdan\.jdks\openjdk-17.0.1\bin\jli.dll
0x00007ffe426c0000 - 0x00007ffe426da000 	C:\Users\Bogdan\.jdks\openjdk-17.0.1\bin\VCRUNTIME140.dll
0x00007ffe4c030000 - 0x00007ffe4c1de000 	C:\WINDOWS\System32\USER32.dll
0x00007ffe4a9c0000 - 0x00007ffe4a9e6000 	C:\WINDOWS\System32\win32u.dll
0x00007ffe3ab60000 - 0x00007ffe3adf3000 	C:\WINDOWS\WinSxS\amd64_microsoft.windows.common-controls_6595b64144ccf1df_6.0.22621.3672_none_2713b9d173822955\COMCTL32.dll
0x00007ffe4b790000 - 0x00007ffe4b7b9000 	C:\WINDOWS\System32\GDI32.dll
0x00007ffe4bd00000 - 0x00007ffe4bda7000 	C:\WINDOWS\System32\msvcrt.dll
0x00007ffe4a800000 - 0x00007ffe4a919000 	C:\WINDOWS\System32\gdi32full.dll
0x00007ffe4a9f0000 - 0x00007ffe4aa8a000 	C:\WINDOWS\System32\msvcp_win.dll
0x00007ffe4cdc0000 - 0x00007ffe4cdf1000 	C:\WINDOWS\System32\IMM32.DLL
0x00007ffe445a0000 - 0x00007ffe445ac000 	C:\Users\Bogdan\.jdks\openjdk-17.0.1\bin\vcruntime140_1.dll
0x00007ffe254c0000 - 0x00007ffe2554d000 	C:\Users\Bogdan\.jdks\openjdk-17.0.1\bin\msvcp140.dll
0x00007ffd603d0000 - 0x00007ffd60f8e000 	C:\Users\Bogdan\.jdks\openjdk-17.0.1\bin\server\jvm.dll
0x00007ffe4cf60000 - 0x00007ffe4d012000 	C:\WINDOWS\System32\ADVAPI32.dll
0x00007ffe4b840000 - 0x00007ffe4b8ea000 	C:\WINDOWS\System32\sechost.dll
0x00007ffe4a920000 - 0x00007ffe4a948000 	C:\WINDOWS\System32\bcrypt.dll
0x00007ffe4bdb0000 - 0x00007ffe4bec5000 	C:\WINDOWS\System32\RPCRT4.dll
0x00007ffe4d360000 - 0x00007ffe4d368000 	C:\WINDOWS\System32\PSAPI.DLL
0x00007ffe10850000 - 0x00007ffe10859000 	C:\WINDOWS\SYSTEM32\WSOCK32.dll
0x00007ffe436b0000 - 0x00007ffe436e4000 	C:\WINDOWS\SYSTEM32\WINMM.dll
0x00007ffe4b8f0000 - 0x00007ffe4b961000 	C:\WINDOWS\System32\WS2_32.dll
0x00007ffe42ef0000 - 0x00007ffe42efa000 	C:\WINDOWS\SYSTEM32\VERSION.dll
0x00007ffe496d0000 - 0x00007ffe496e8000 	C:\WINDOWS\SYSTEM32\kernel.appcore.dll
0x00007ffe43d40000 - 0x00007ffe43d4a000 	C:\Users\Bogdan\.jdks\openjdk-17.0.1\bin\jimage.dll
0x00007ffe47fc0000 - 0x00007ffe481f2000 	C:\WINDOWS\SYSTEM32\DBGHELP.DLL
0x00007ffe4b970000 - 0x00007ffe4bcf8000 	C:\WINDOWS\System32\combase.dll
0x00007ffe4ce00000 - 0x00007ffe4ced7000 	C:\WINDOWS\System32\OLEAUT32.dll
0x00007ffe423c0000 - 0x00007ffe423f2000 	C:\WINDOWS\SYSTEM32\dbgcore.DLL
0x00007ffe4b070000 - 0x00007ffe4b0eb000 	C:\WINDOWS\System32\bcryptPrimitives.dll
0x00007ffe37b50000 - 0x00007ffe37b5e000 	C:\Users\Bogdan\.jdks\openjdk-17.0.1\bin\instrument.dll
0x00007ffe37ad0000 - 0x00007ffe37af5000 	C:\Users\Bogdan\.jdks\openjdk-17.0.1\bin\java.dll
0x00007ffe21470000 - 0x00007ffe21546000 	C:\Users\Bogdan\.jdks\openjdk-17.0.1\bin\svml.dll
0x00007ffe4c3b0000 - 0x00007ffe4cc0c000 	C:\WINDOWS\System32\SHELL32.dll
0x00007ffe485e0000 - 0x00007ffe48ed7000 	C:\WINDOWS\SYSTEM32\windows.storage.dll
0x00007ffe484a0000 - 0x00007ffe485df000 	C:\WINDOWS\SYSTEM32\wintypes.dll
0x00007ffe4b570000 - 0x00007ffe4b664000 	C:\WINDOWS\System32\SHCORE.dll
0x00007ffe4b7e0000 - 0x00007ffe4b83e000 	C:\WINDOWS\System32\shlwapi.dll
0x00007ffe4a610000 - 0x00007ffe4a631000 	C:\WINDOWS\SYSTEM32\profapi.dll
0x00007ffe2faa0000 - 0x00007ffe2fab8000 	C:\Users\Bogdan\.jdks\openjdk-17.0.1\bin\zip.dll
0x00007ffe35830000 - 0x00007ffe35849000 	C:\Users\Bogdan\.jdks\openjdk-17.0.1\bin\net.dll
0x00007ffe43b50000 - 0x00007ffe43c86000 	C:\WINDOWS\SYSTEM32\WINHTTP.dll
0x00007ffe49b30000 - 0x00007ffe49b99000 	C:\WINDOWS\system32\mswsock.dll
0x00007ffe30a50000 - 0x00007ffe30a65000 	C:\Users\Bogdan\.jdks\openjdk-17.0.1\bin\nio.dll
0x00007ffe2fa80000 - 0x00007ffe2fa9a000 	C:\Program Files\JetBrains\IntelliJ IDEA 2021.2.2\bin\breakgen64.dll
0x00007ffe491b0000 - 0x00007ffe492a8000 	C:\WINDOWS\SYSTEM32\DNSAPI.dll
0x00007ffe49140000 - 0x00007ffe4916d000 	C:\WINDOWS\SYSTEM32\IPHLPAPI.DLL
0x00007ffe4c1e0000 - 0x00007ffe4c1e9000 	C:\WINDOWS\System32\NSI.dll
0x00007ffe412c0000 - 0x00007ffe412ca000 	C:\Windows\System32\rasadhlp.dll
0x00007ffe42af0000 - 0x00007ffe42b73000 	C:\WINDOWS\System32\fwpuclnt.dll
0x00007ffe38490000 - 0x00007ffe38499000 	C:\Users\Bogdan\.jdks\openjdk-17.0.1\bin\management.dll
0x00007ffe38350000 - 0x00007ffe3835b000 	C:\Users\Bogdan\.jdks\openjdk-17.0.1\bin\management_ext.dll
0x00007ffe49de0000 - 0x00007ffe49dfb000 	C:\WINDOWS\SYSTEM32\CRYPTSP.dll
0x00007ffe49630000 - 0x00007ffe49665000 	C:\WINDOWS\system32\rsaenh.dll
0x00007ffe49c50000 - 0x00007ffe49c78000 	C:\WINDOWS\SYSTEM32\USERENV.dll
0x00007ffe49dd0000 - 0x00007ffe49ddc000 	C:\WINDOWS\SYSTEM32\CRYPTBASE.dll
0x00007ffe43990000 - 0x00007ffe439a9000 	C:\WINDOWS\SYSTEM32\dhcpcsvc6.DLL
0x00007ffe43970000 - 0x00007ffe4398f000 	C:\WINDOWS\SYSTEM32\dhcpcsvc.DLL
0x00007ffe2f590000 - 0x00007ffe2f5a7000 	C:\WINDOWS\system32\napinsp.dll
0x00007ffe2f4b0000 - 0x00007ffe2f4cb000 	C:\WINDOWS\system32\pnrpnsp.dll
0x00007ffe2e930000 - 0x00007ffe2e941000 	C:\WINDOWS\System32\winrnr.dll
0x00007ffe43130000 - 0x00007ffe43145000 	C:\WINDOWS\system32\wshbth.dll
0x00007ffe2f480000 - 0x00007ffe2f4a7000 	C:\WINDOWS\system32\nlansp_c.dll
0x00007ffe37c70000 - 0x00007ffe37c7e000 	C:\Users\Bogdan\.jdks\openjdk-17.0.1\bin\sunmscapi.dll
0x00007ffe4af00000 - 0x00007ffe4b067000 	C:\WINDOWS\System32\CRYPT32.dll
0x00007ffe4a070000 - 0x00007ffe4a09e000 	C:\WINDOWS\SYSTEM32\ncrypt.dll
0x00007ffe4a030000 - 0x00007ffe4a067000 	C:\WINDOWS\SYSTEM32\NTASN1.dll

dbghelp: loaded successfully - version: 4.0.5 - missing functions: none
symbol engine: initialized successfully - sym options: 0x614 - pdb path: .;C:\Users\Bogdan\.jdks\openjdk-17.0.1\bin;C:\WINDOWS\SYSTEM32;C:\WINDOWS\WinSxS\amd64_microsoft.windows.common-controls_6595b64144ccf1df_6.0.22621.3672_none_2713b9d173822955;C:\Users\Bogdan\.jdks\openjdk-17.0.1\bin\server;C:\Program Files\JetBrains\IntelliJ IDEA 2021.2.2\bin

VM Arguments:
jvm_args: -XX:TieredStopAtLevel=1 -Xverify:none -Dspring.output.ansi.enabled=always -javaagent:C:\Program Files\JetBrains\IntelliJ IDEA 2021.2.2\lib\idea_rt.jar=52875:C:\Program Files\JetBrains\IntelliJ IDEA 2021.2.2\bin -Dcom.sun.management.jmxremote -Dspring.jmx.enabled=true -Dspring.liveBeansView.mbeanDomain -Dspring.application.admin.enabled=true -Dfile.encoding=UTF-8 
java_command: com.example.sportPlanner.UserServiceApplication
java_class_path (initial): C:\Users\Bogdan\Downloads\user-service (1)\user-service\target\classes;C:\Users\Bogdan\.m2\repository\org\springframework\boot\spring-boot-starter-data-jpa\3.2.2\spring-boot-starter-data-jpa-3.2.2.jar;C:\Users\Bogdan\.m2\repository\org\springframework\boot\spring-boot-starter-aop\3.2.2\spring-boot-starter-aop-3.2.2.jar;C:\Users\Bogdan\.m2\repository\org\aspectj\aspectjweaver\1.9.21\aspectjweaver-1.9.21.jar;C:\Users\Bogdan\.m2\repository\org\springframework\boot\spring-boot-starter-jdbc\3.2.2\spring-boot-starter-jdbc-3.2.2.jar;C:\Users\Bogdan\.m2\repository\com\zaxxer\HikariCP\5.0.1\HikariCP-5.0.1.jar;C:\Users\Bogdan\.m2\repository\org\springframework\spring-jdbc\6.1.3\spring-jdbc-6.1.3.jar;C:\Users\Bogdan\.m2\repository\org\hibernate\orm\hibernate-core\6.4.1.Final\hibernate-core-6.4.1.Final.jar;C:\Users\Bogdan\.m2\repository\jakarta\persistence\jakarta.persistence-api\3.1.0\jakarta.persistence-api-3.1.0.jar;C:\Users\Bogdan\.m2\repository\jakarta\transaction\jakarta.transaction-api\2.0.1\jakarta.transaction-api-2.0.1.jar;C:\Users\Bogdan\.m2\repository\org\jboss\logging\jboss-logging\3.5.3.Final\jboss-logging-3.5.3.Final.jar;C:\Users\Bogdan\.m2\repository\org\hibernate\common\hibernate-commons-annotations\6.0.6.Final\hibernate-commons-annotations-6.0.6.Final.jar;C:\Users\Bogdan\.m2\repository\io\smallrye\jandex\3.1.2\jandex-3.1.2.jar;C:\Users\Bogdan\.m2\repository\com\fasterxml\classmate\1.6.0\classmate-1.6.0.jar;C:\Users\Bogdan\.m2\repository\net\bytebuddy\byte-buddy\1.14.11\byte-buddy-1.14.11.jar;C:\Users\Bogdan\.m2\repository\org\glassfish\jaxb\jaxb-runtime\4.0.4\jaxb-runtime-4.0.4.jar;C:\Users\Bogdan\.m2\repository\org\glassfish\jaxb\jaxb-core\4.0.4\jaxb-core-4.0.4.jar;C:\Users\Bogdan\.m2\repository\org\eclipse\angus\angus-activation\2.0.1\angus-activation-2.0.1.jar;C:\Users\Bogdan\.m2\repository\org\glassfish\jaxb\txw2\4.0.4\txw2-4.0.4.jar;C:\Users\Bogdan\.m2\repository\com\sun\istack\istack-commons-runtime\4.1.2\istack-commons-runtim
Launcher Type: SUN_STANDARD

[Global flags]
     intx CICompilerCount                          = 4                                         {product} {ergonomic}
     uint ConcGCThreads                            = 3                                         {product} {ergonomic}
     uint G1ConcRefinementThreads                  = 10                                        {product} {ergonomic}
   size_t G1HeapRegionSize                         = 1048576                                   {product} {ergonomic}
    uintx GCDrainStackTargetSize                   = 64                                        {product} {ergonomic}
   size_t InitialHeapSize                          = 134217728                                 {product} {ergonomic}
     bool ManagementServer                         = true                                      {product} {command line}
   size_t MarkStackSize                            = 4194304                                   {product} {ergonomic}
   size_t MaxHeapSize                              = 2116026368                                {product} {ergonomic}
   size_t MaxNewSize                               = 1268776960                                {product} {ergonomic}
   size_t MinHeapDeltaBytes                        = 1048576                                   {product} {ergonomic}
   size_t MinHeapSize                              = 8388608                                   {product} {ergonomic}
    uintx NonProfiledCodeHeapSize                  = 0                                      {pd product} {ergonomic}
     bool ProfileInterpreter                       = false                                  {pd product} {command line}
    uintx ProfiledCodeHeapSize                     = 0                                      {pd product} {ergonomic}
   size_t SoftMaxHeapSize                          = 2116026368                             {manageable} {ergonomic}
     intx TieredStopAtLevel                        = 1                                         {product} {command line}
     bool UseCompressedClassPointers               = true                           {product lp64_product} {ergonomic}
     bool UseCompressedOops                        = true                           {product lp64_product} {ergonomic}
     bool UseG1GC                                  = true                                      {product} {ergonomic}
     bool UseLargePagesIndividualAllocation        = false                                  {pd product} {ergonomic}

Logging:
Log output configuration:
 #0: stdout all=warning uptime,level,tags
 #1: stderr all=off uptime,level,tags

Environment Variables:
JAVA_HOME=C:\Users\Bogdan\.jdks\openjdk-17.0.1
PATH=C:\Python311\Scripts\;C:\Python311\;C:\Program Files (x86)\Common Files\Oracle\Java\javapath;C:\WINDOWS\system32;C:\WINDOWS;C:\WINDOWS\System32\Wbem;C:\WINDOWS\System32\WindowsPowerShell\v1.0\;C:\WINDOWS\System32\OpenSSH\;C:\Program Files (x86)\IVI Foundation\VISA\WinNT\Bin\;C:\Program Files\IVI Foundation\VISA\Win64\Bin\;C:\Program Files (x86)\National Instruments\Shared\LabVIEW CLI;C:\Program Files (x86)\IVI Foundation\VISA\WinNT\Bin;C:\Program Files (x86)\Git\cmd;C:\Program Files\TortoiseGit\bin;C:\Program Files\dotnet\;C:\Program Files\Microsoft SQL Server\130\Tools\Binn\;C:\Program Files\Microsoft SQL Server\Client SDK\ODBC\170\Tools\Binn\;C:\Program Files (x86)\Microsoft SQL Server\160\Tools\Binn\;C:\Program Files\Microsoft SQL Server\160\Tools\Binn\;C:\Program Files\Microsoft SQL Server\160\DTS\Binn\;C:\Program Files (x86)\Microsoft SQL Server\160\DTS\Binn\;C:\Program Files\Azure Data Studio\bin;C:\Program Files\nodejs\;C:\ProgramData\chocolatey\bin;C:\Program Files\Docker\Docker\resources\bin;C:\opt\apache-maven-3.8.4\bin;C:\Program Files\Go\bin;C:\Users\Bogdan\AppData\Local\Microsoft\WindowsApps;C:\Users\Bogdan\AppData\Local\GitHubDesktop\bin;C:\opt\apache-maven-3.8.4\bin;C:\Users\Bogdan\.jdks\openjdk-17.0.1\bin;C:\Users\Bogdan\AppData\Local\Programs\Microsoft VS Code\bin;C:\ghcup\bin;C:\Users\Bogdan\.dotnet\tools;C:\Program Files\Azure Data Studio\bin;C:\Users\Bogdan\AppData\Roaming\npm;C:\Users\Bogdan\Desktop\MailHog-master;C:\Users\Bogdan\go\bin
USERNAME=Bogdan
OS=Windows_NT
PROCESSOR_IDENTIFIER=Intel64 Family 6 Model 158 Stepping 10, GenuineIntel



---------------  S Y S T E M  ---------------

OS:
 Windows 10 , 64 bit Build 22621 (10.0.22621.3672)
OS uptime: 3 days 11:39 hours
Hyper-V role detected

CPU: total 12 (initial active 12) (6 cores per cpu, 2 threads per core) family 6 model 158 stepping 10 microcode 0xde, cx8, cmov, fxsr, ht, mmx, 3dnowpref, sse, sse2, sse3, ssse3, sse4.1, sse4.2, popcnt, lzcnt, tsc, tscinvbit, avx, avx2, aes, erms, clmul, bmi1, bmi2, adx, fma, vzeroupper, clflush, clflushopt, hv

Memory: 4k page, system-wide physical 8071M (630M free)
TotalPageFile size 30097M (AvailPageFile size 12M)
current process WorkingSet (physical memory assigned to process): 204M, peak: 204M
current process commit charge ("private bytes"): 249M, peak: 267M

vm_info: OpenJDK 64-Bit Server VM (17.0.1+12-39) for windows-amd64 JRE (17.0.1+12-39), built on Sep 27 2021 18:39:29 by "mach5one" with MS VC++ 16.8 (VS2019)

END.
